2019-12-26 10:42:06,108 [Worker-6] INFO  c.g.t.t.d.PublishedGradleVersions - Gradle version information cache is up-to-date. Trying to read.
2019-12-26 10:42:11,735 [Worker-5] INFO  o.e.m.c.i.i.nexus.NexusIndexManager - Updating index for repository: central|https://repo.maven.apache.org/maven2
2019-12-26 10:42:14,862 [Worker-5] ERROR o.e.m.c.i.i.nexus.NexusIndexManager - Unable to update index for central|https://repo.maven.apache.org/maven2: no segments* file found in org.apache.lucene.store.FSDirectory@C:\Users\DELL\AppData\Local\Temp\nexus-index1481850307814316253.dir: files:
java.io.FileNotFoundException: no segments* file found in org.apache.lucene.store.FSDirectory@C:\Users\DELL\AppData\Local\Temp\nexus-index1481850307814316253.dir: files:
	at org.apache.lucene.index.SegmentInfos$FindSegmentsFile.run(SegmentInfos.java:604) ~[lucene-core-2.4.1.jar:2.4.1 750176 - 2009-03-04 21:56:52]
	at org.apache.lucene.index.DirectoryIndexReader.open(DirectoryIndexReader.java:115) ~[lucene-core-2.4.1.jar:2.4.1 750176 - 2009-03-04 21:56:52]
	at org.apache.lucene.index.IndexReader.open(IndexReader.java:316) ~[lucene-core-2.4.1.jar:2.4.1 750176 - 2009-03-04 21:56:52]
	at org.apache.lucene.index.IndexReader.open(IndexReader.java:227) ~[lucene-core-2.4.1.jar:2.4.1 750176 - 2009-03-04 21:56:52]
	at org.apache.maven.index.updater.DefaultIndexUpdater.copyUpdatedDocuments(DefaultIndexUpdater.java:352) ~[indexer-core-3.1.0.jar:3.1.0]
	at org.apache.maven.index.updater.DefaultIndexUpdater.unpackIndexArchive(DefaultIndexUpdater.java:288) ~[indexer-core-3.1.0.jar:3.1.0]
	at org.apache.maven.index.updater.DefaultIndexUpdater.loadIndexDirectory(DefaultIndexUpdater.java:218) ~[indexer-core-3.1.0.jar:3.1.0]
	at org.apache.maven.index.updater.DefaultIndexUpdater.access$300(DefaultIndexUpdater.java:75) ~[indexer-core-3.1.0.jar:3.1.0]
	at org.apache.maven.index.updater.DefaultIndexUpdater$LuceneIndexAdaptor.setIndexFile(DefaultIndexUpdater.java:645) ~[indexer-core-3.1.0.jar:3.1.0]
	at org.apache.maven.index.updater.DefaultIndexUpdater.fetchAndUpdateIndex(DefaultIndexUpdater.java:844) ~[indexer-core-3.1.0.jar:3.1.0]
	at org.apache.maven.index.updater.DefaultIndexUpdater.fetchAndUpdateIndex(DefaultIndexUpdater.java:156) ~[indexer-core-3.1.0.jar:3.1.0]
	at org.eclipse.m2e.core.internal.index.nexus.NexusIndexManager.updateRemoteIndex(NexusIndexManager.java:1251) [org.eclipse.m2e.core_1.7.0.me201611191457.jar:na]
	at org.eclipse.m2e.core.internal.index.nexus.NexusIndexManager.updateIndex(NexusIndexManager.java:1193) [org.eclipse.m2e.core_1.7.0.me201611191457.jar:na]
	at org.eclipse.m2e.core.internal.index.nexus.NexusIndexManager$1.run(NexusIndexManager.java:703) [org.eclipse.m2e.core_1.7.0.me201611191457.jar:na]
	at org.eclipse.m2e.core.internal.index.nexus.IndexUpdaterJob.run(IndexUpdaterJob.java:72) [org.eclipse.m2e.core_1.7.0.me201611191457.jar:na]
	at org.eclipse.core.internal.jobs.Worker.run(Worker.java:55) [org.eclipse.core.jobs_3.8.0.v20160509-0411.jar:na]
2019-12-26 10:42:15,420 [Worker-0] INFO  o.e.m.c.i.embedder.EclipseLogger - Installing E:\Myeclipse2017\app\configuration\org.eclipse.osgi\93\0\.cp\data\eclipselink\1.0\javax.persistence_1.0.0.jar to C:\Users\DELL\.m2\repository\org\eclipse\persistence\javax.persistence\1.0.0\javax.persistence-1.0.0.jar
2019-12-26 10:42:16,021 [Worker-0] INFO  o.e.m.c.i.embedder.EclipseLogger - Installing C:\Users\DELL\AppData\Local\Temp\mvninstall8754423918095280467.pom to C:\Users\DELL\.m2\repository\org\eclipse\persistence\javax.persistence\1.0.0\javax.persistence-1.0.0.pom
2019-12-26 10:42:17,455 [Worker-0] INFO  o.e.m.c.i.e.AbstractTransferListenerAdapter - Downloaded https://repo.maven.apache.org/maven2/javax/jms/jms/1.1/jms-1.1.jar
2019-12-26 10:42:17,471 [Worker-0] INFO  o.e.m.c.i.embedder.EclipseLogger - Installing E:\Myeclipse2017\app\configuration\org.eclipse.osgi\93\0\.cp\data\openjpa\0.9\geronimo-jms_1.1_spec-1.0.1.jar to C:\Users\DELL\.m2\repository\javax\jms\jms\1.1\jms-1.1.jar
2019-12-26 10:42:17,864 [Worker-0] INFO  o.e.m.c.i.embedder.EclipseLogger - Installing C:\Users\DELL\AppData\Local\Temp\mvninstall7654138168569845797.pom to C:\Users\DELL\.m2\repository\javax\jms\jms\1.1\jms-1.1.pom
2019-12-26 10:42:18,722 [Worker-0] INFO  o.e.m.c.i.e.AbstractTransferListenerAdapter - Downloaded https://repo.maven.apache.org/maven2/myeclipse/pluto-taglib/1.0.1/pluto-taglib-1.0.1.jar
2019-12-26 10:42:18,737 [Worker-0] INFO  o.e.m.c.i.embedder.EclipseLogger - Installing E:\Myeclipse2017\app\configuration\org.eclipse.osgi\94\0\.cp\data\lib\jsr168\pluto-taglib-1.0.1.jar to C:\Users\DELL\.m2\repository\myeclipse\pluto-taglib\1.0.1\pluto-taglib-1.0.1.jar
2019-12-26 10:42:19,683 [Worker-0] INFO  o.e.m.c.i.embedder.EclipseLogger - Installing C:\Users\DELL\AppData\Local\Temp\mvninstall7661859074130218958.pom to C:\Users\DELL\.m2\repository\myeclipse\pluto-taglib\1.0.1\pluto-taglib-1.0.1.pom
2019-12-26 10:42:22,595 [Worker-0] INFO  o.e.m.c.i.e.AbstractTransferListenerAdapter - Downloaded https://repo.maven.apache.org/maven2/myeclipse/pluto-taglib/2.0/pluto-taglib-2.0.jar
2019-12-26 10:42:22,606 [Worker-0] INFO  o.e.m.c.i.embedder.EclipseLogger - Installing E:\Myeclipse2017\app\configuration\org.eclipse.osgi\94\0\.cp\data\lib\jsr286\pluto-taglib-2.0.0.jar to C:\Users\DELL\.m2\repository\myeclipse\pluto-taglib\2.0\pluto-taglib-2.0.jar
2019-12-26 10:42:23,427 [Worker-0] INFO  o.e.m.c.i.embedder.EclipseLogger - Installing C:\Users\DELL\AppData\Local\Temp\mvninstall3513471930080222768.pom to C:\Users\DELL\.m2\repository\myeclipse\pluto-taglib\2.0\pluto-taglib-2.0.pom
2019-12-26 10:42:24,555 [Worker-0] INFO  o.e.m.c.i.e.AbstractTransferListenerAdapter - Downloaded https://repo.maven.apache.org/maven2/myeclipse-reports/chartengineapi/2.2.0/chartengineapi-2.2.0.jar
2019-12-26 10:42:24,570 [Worker-0] INFO  o.e.m.c.i.embedder.EclipseLogger - Installing E:\Myeclipse2017\app\configuration\org.eclipse.osgi\95\0\.cp\data\2.2\chartengineapi.jar to C:\Users\DELL\.m2\repository\myeclipse-reports\chartengineapi\2.2.0\chartengineapi-2.2.0.jar
2019-12-26 10:42:25,432 [Worker-0] INFO  o.e.m.c.i.embedder.EclipseLogger - Installing C:\Users\DELL\AppData\Local\Temp\mvninstall8190417917849726619.pom to C:\Users\DELL\.m2\repository\myeclipse-reports\chartengineapi\2.2.0\chartengineapi-2.2.0.pom
2019-12-26 10:42:28,897 [Worker-0] INFO  o.e.m.c.i.e.AbstractTransferListenerAdapter - Downloaded https://repo.maven.apache.org/maven2/myeclipse-reports/coreapi/2.2.0/coreapi-2.2.0.jar
2019-12-26 10:42:28,917 [Worker-0] INFO  o.e.m.c.i.embedder.EclipseLogger - Installing E:\Myeclipse2017\app\configuration\org.eclipse.osgi\95\0\.cp\data\2.2\coreapi.jar to C:\Users\DELL\.m2\repository\myeclipse-reports\coreapi\2.2.0\coreapi-2.2.0.jar
2019-12-26 10:42:29,818 [Worker-0] INFO  o.e.m.c.i.embedder.EclipseLogger - Installing C:\Users\DELL\AppData\Local\Temp\mvninstall360978736500690605.pom to C:\Users\DELL\.m2\repository\myeclipse-reports\coreapi\2.2.0\coreapi-2.2.0.pom
2019-12-26 10:42:30,622 [Worker-0] INFO  o.e.m.c.i.e.AbstractTransferListenerAdapter - Downloaded https://repo.maven.apache.org/maven2/myeclipse-reports/dataadapterapi/2.2.0/dataadapterapi-2.2.0.jar
2019-12-26 10:42:30,630 [Worker-0] INFO  o.e.m.c.i.embedder.EclipseLogger - Installing E:\Myeclipse2017\app\configuration\org.eclipse.osgi\95\0\.cp\data\2.2\dataadapterapi.jar to C:\Users\DELL\.m2\repository\myeclipse-reports\dataadapterapi\2.2.0\dataadapterapi-2.2.0.jar
2019-12-26 10:42:31,044 [Worker-0] INFO  o.e.m.c.i.embedder.EclipseLogger - Installing C:\Users\DELL\AppData\Local\Temp\mvninstall6423611458645994759.pom to C:\Users\DELL\.m2\repository\myeclipse-reports\dataadapterapi\2.2.0\dataadapterapi-2.2.0.pom
2019-12-26 10:42:32,578 [Worker-0] INFO  o.e.m.c.i.e.AbstractTransferListenerAdapter - Downloaded https://repo.maven.apache.org/maven2/myeclipse-reports/dteapi/2.2.0/dteapi-2.2.0.jar
2019-12-26 10:42:32,595 [Worker-0] INFO  o.e.m.c.i.embedder.EclipseLogger - Installing E:\Myeclipse2017\app\configuration\org.eclipse.osgi\95\0\.cp\data\2.2\dteapi.jar to C:\Users\DELL\.m2\repository\myeclipse-reports\dteapi\2.2.0\dteapi-2.2.0.jar
2019-12-26 10:42:33,676 [Worker-0] INFO  o.e.m.c.i.embedder.EclipseLogger - Installing C:\Users\DELL\AppData\Local\Temp\mvninstall2826152243160642307.pom to C:\Users\DELL\.m2\repository\myeclipse-reports\dteapi\2.2.0\dteapi-2.2.0.pom
2019-12-26 10:42:34,810 [Worker-0] INFO  o.e.m.c.i.e.AbstractTransferListenerAdapter - Downloaded https://repo.maven.apache.org/maven2/myeclipse-reports/engineapi/2.2.0/engineapi-2.2.0.jar
2019-12-26 10:42:34,817 [Worker-0] INFO  o.e.m.c.i.embedder.EclipseLogger - Installing E:\Myeclipse2017\app\configuration\org.eclipse.osgi\95\0\.cp\data\2.2\engineapi.jar to C:\Users\DELL\.m2\repository\myeclipse-reports\engineapi\2.2.0\engineapi-2.2.0.jar
2019-12-26 10:42:34,974 [Worker-0] INFO  o.e.m.c.i.embedder.EclipseLogger - Installing C:\Users\DELL\AppData\Local\Temp\mvninstall4711521140699892409.pom to C:\Users\DELL\.m2\repository\myeclipse-reports\engineapi\2.2.0\engineapi-2.2.0.pom
2019-12-26 10:42:36,851 [Worker-0] INFO  o.e.m.c.i.e.AbstractTransferListenerAdapter - Downloaded https://repo.maven.apache.org/maven2/myeclipse-reports/modelapi/2.2.0/modelapi-2.2.0.jar
2019-12-26 10:42:36,870 [Worker-0] INFO  o.e.m.c.i.embedder.EclipseLogger - Installing E:\Myeclipse2017\app\configuration\org.eclipse.osgi\95\0\.cp\data\2.2\modelapi.jar to C:\Users\DELL\.m2\repository\myeclipse-reports\modelapi\2.2.0\modelapi-2.2.0.jar
2019-12-26 10:42:37,114 [Worker-0] INFO  o.e.m.c.i.embedder.EclipseLogger - Installing C:\Users\DELL\AppData\Local\Temp\mvninstall2726589039359782409.pom to C:\Users\DELL\.m2\repository\myeclipse-reports\modelapi\2.2.0\modelapi-2.2.0.pom
2019-12-26 10:42:40,405 [Worker-0] INFO  o.e.m.c.i.e.AbstractTransferListenerAdapter - Downloaded https://repo.maven.apache.org/maven2/myeclipse-reports/scriptapi/2.2.0/scriptapi-2.2.0.jar
2019-12-26 10:42:40,424 [Worker-0] INFO  o.e.m.c.i.embedder.EclipseLogger - Installing E:\Myeclipse2017\app\configuration\org.eclipse.osgi\95\0\.cp\data\2.2\scriptapi.jar to C:\Users\DELL\.m2\repository\myeclipse-reports\scriptapi\2.2.0\scriptapi-2.2.0.jar
2019-12-26 10:42:41,284 [Worker-0] INFO  o.e.m.c.i.embedder.EclipseLogger - Installing C:\Users\DELL\AppData\Local\Temp\mvninstall3783197637576561877.pom to C:\Users\DELL\.m2\repository\myeclipse-reports\scriptapi\2.2.0\scriptapi-2.2.0.pom
2019-12-26 10:42:42,171 [Worker-0] INFO  o.e.m.c.i.e.AbstractTransferListenerAdapter - Downloaded https://repo.maven.apache.org/maven2/myeclipse-reports/viewservlets/2.2.0/viewservlets-2.2.0.jar
2019-12-26 10:42:42,191 [Worker-0] INFO  o.e.m.c.i.embedder.EclipseLogger - Installing E:\Myeclipse2017\app\configuration\org.eclipse.osgi\95\0\.cp\data\2.2\viewservlets.jar to C:\Users\DELL\.m2\repository\myeclipse-reports\viewservlets\2.2.0\viewservlets-2.2.0.jar
2019-12-26 10:42:44,089 [Worker-0] INFO  o.e.m.c.i.embedder.EclipseLogger - Installing C:\Users\DELL\AppData\Local\Temp\mvninstall4689203643589187109.pom to C:\Users\DELL\.m2\repository\myeclipse-reports\viewservlets\2.2.0\viewservlets-2.2.0.pom
2019-12-26 10:42:45,485 [Worker-0] INFO  o.e.m.c.i.e.AbstractTransferListenerAdapter - Downloaded https://repo.maven.apache.org/maven2/myeclipse/flute/1.0/flute-1.0.jar
2019-12-26 10:42:45,505 [Worker-0] INFO  o.e.m.c.i.embedder.EclipseLogger - Installing E:\Myeclipse2017\app\configuration\org.eclipse.osgi\95\0\.cp\data\2.2\flute.jar to C:\Users\DELL\.m2\repository\myeclipse\flute\1.0\flute-1.0.jar
2019-12-26 10:42:45,977 [Worker-0] INFO  o.e.m.c.i.embedder.EclipseLogger - Installing C:\Users\DELL\AppData\Local\Temp\mvninstall4263933815046050963.pom to C:\Users\DELL\.m2\repository\myeclipse\flute\1.0\flute-1.0.pom
2019-12-26 10:42:46,866 [Worker-0] INFO  o.e.m.c.i.e.AbstractTransferListenerAdapter - Downloaded https://repo.maven.apache.org/maven2/myeclipse/org.eclipse.emf.common/2.2.1/org.eclipse.emf.common-2.2.1.jar
2019-12-26 10:42:46,886 [Worker-0] INFO  o.e.m.c.i.embedder.EclipseLogger - Installing E:\Myeclipse2017\app\configuration\org.eclipse.osgi\95\0\.cp\data\2.2\org.eclipse.emf.common_2.2.1.v200702131851.jar to C:\Users\DELL\.m2\repository\myeclipse\org.eclipse.emf.common\2.2.1\org.eclipse.emf.common-2.2.1.jar
2019-12-26 10:42:48,357 [Worker-0] INFO  o.e.m.c.i.embedder.EclipseLogger - Installing C:\Users\DELL\AppData\Local\Temp\mvninstall3958853741307974427.pom to C:\Users\DELL\.m2\repository\myeclipse\org.eclipse.emf.common\2.2.1\org.eclipse.emf.common-2.2.1.pom
2019-12-26 10:42:49,723 [Worker-0] INFO  o.e.m.c.i.e.AbstractTransferListenerAdapter - Downloaded https://repo.maven.apache.org/maven2/myeclipse/org.eclipse.emf.ecore/2.2.2/org.eclipse.emf.ecore-2.2.2.jar
2019-12-26 10:42:49,743 [Worker-0] INFO  o.e.m.c.i.embedder.EclipseLogger - Installing E:\Myeclipse2017\app\configuration\org.eclipse.osgi\95\0\.cp\data\2.2\org.eclipse.emf.ecore_2.2.2.v200702131851.jar to C:\Users\DELL\.m2\repository\myeclipse\org.eclipse.emf.ecore\2.2.2\org.eclipse.emf.ecore-2.2.2.jar
2019-12-26 10:42:50,692 [Worker-0] INFO  o.e.m.c.i.embedder.EclipseLogger - Installing C:\Users\DELL\AppData\Local\Temp\mvninstall1392148040285235118.pom to C:\Users\DELL\.m2\repository\myeclipse\org.eclipse.emf.ecore\2.2.2\org.eclipse.emf.ecore-2.2.2.pom
2019-12-26 10:42:52,328 [Worker-0] INFO  o.e.m.c.i.e.AbstractTransferListenerAdapter - Downloaded https://repo.maven.apache.org/maven2/myeclipse/org.eclipse.emf.ecore.xmi/2.2.2/org.eclipse.emf.ecore.xmi-2.2.2.jar
2019-12-26 10:42:52,349 [Worker-0] INFO  o.e.m.c.i.embedder.EclipseLogger - Installing E:\Myeclipse2017\app\configuration\org.eclipse.osgi\95\0\.cp\data\2.2\org.eclipse.emf.ecore.xmi_2.2.2.v200702131851.jar to C:\Users\DELL\.m2\repository\myeclipse\org.eclipse.emf.ecore.xmi\2.2.2\org.eclipse.emf.ecore.xmi-2.2.2.jar
2019-12-26 10:42:52,662 [Worker-0] INFO  o.e.m.c.i.embedder.EclipseLogger - Installing C:\Users\DELL\AppData\Local\Temp\mvninstall7435374400528748508.pom to C:\Users\DELL\.m2\repository\myeclipse\org.eclipse.emf.ecore.xmi\2.2.2\org.eclipse.emf.ecore.xmi-2.2.2.pom
2019-12-26 10:42:53,643 [Worker-0] INFO  o.e.m.c.i.e.AbstractTransferListenerAdapter - Downloaded https://repo.maven.apache.org/maven2/myeclipse-reports/chartengineapi/2.3.0/chartengineapi-2.3.0.jar
2019-12-26 10:42:53,656 [Worker-0] INFO  o.e.m.c.i.embedder.EclipseLogger - Installing E:\Myeclipse2017\app\configuration\org.eclipse.osgi\95\0\.cp\data\2.3\chartengineapi.jar to C:\Users\DELL\.m2\repository\myeclipse-reports\chartengineapi\2.3.0\chartengineapi-2.3.0.jar
2019-12-26 10:42:54,287 [Worker-0] INFO  o.e.m.c.i.embedder.EclipseLogger - Installing C:\Users\DELL\AppData\Local\Temp\mvninstall2428656242133195812.pom to C:\Users\DELL\.m2\repository\myeclipse-reports\chartengineapi\2.3.0\chartengineapi-2.3.0.pom
2019-12-26 10:42:55,199 [Worker-0] INFO  o.e.m.c.i.e.AbstractTransferListenerAdapter - Downloaded https://repo.maven.apache.org/maven2/myeclipse-reports/coreapi/2.3.0/coreapi-2.3.0.jar
2019-12-26 10:42:55,217 [Worker-0] INFO  o.e.m.c.i.embedder.EclipseLogger - Installing E:\Myeclipse2017\app\configuration\org.eclipse.osgi\95\0\.cp\data\2.3\coreapi.jar to C:\Users\DELL\.m2\repository\myeclipse-reports\coreapi\2.3.0\coreapi-2.3.0.jar
2019-12-26 10:42:56,450 [Worker-0] INFO  o.e.m.c.i.embedder.EclipseLogger - Installing C:\Users\DELL\AppData\Local\Temp\mvninstall8988525979483996073.pom to C:\Users\DELL\.m2\repository\myeclipse-reports\coreapi\2.3.0\coreapi-2.3.0.pom
2019-12-26 10:42:58,194 [Worker-0] INFO  o.e.m.c.i.e.AbstractTransferListenerAdapter - Downloaded https://repo.maven.apache.org/maven2/myeclipse-reports/dataadapterapi/2.3.0/dataadapterapi-2.3.0.jar
2019-12-26 10:42:58,212 [Worker-0] INFO  o.e.m.c.i.embedder.EclipseLogger - Installing E:\Myeclipse2017\app\configuration\org.eclipse.osgi\95\0\.cp\data\2.3\dataadapterapi.jar to C:\Users\DELL\.m2\repository\myeclipse-reports\dataadapterapi\2.3.0\dataadapterapi-2.3.0.jar
2019-12-26 10:42:58,695 [Worker-0] INFO  o.e.m.c.i.embedder.EclipseLogger - Installing C:\Users\DELL\AppData\Local\Temp\mvninstall8155248923754584430.pom to C:\Users\DELL\.m2\repository\myeclipse-reports\dataadapterapi\2.3.0\dataadapterapi-2.3.0.pom
2019-12-26 10:43:03,003 [Worker-0] INFO  o.e.m.c.i.e.AbstractTransferListenerAdapter - Downloaded https://repo.maven.apache.org/maven2/myeclipse-reports/dteapi/2.3.0/dteapi-2.3.0.jar
2019-12-26 10:43:03,022 [Worker-0] INFO  o.e.m.c.i.embedder.EclipseLogger - Installing E:\Myeclipse2017\app\configuration\org.eclipse.osgi\95\0\.cp\data\2.3\dteapi.jar to C:\Users\DELL\.m2\repository\myeclipse-reports\dteapi\2.3.0\dteapi-2.3.0.jar
2019-12-26 10:43:04,264 [Worker-0] INFO  o.e.m.c.i.embedder.EclipseLogger - Installing C:\Users\DELL\AppData\Local\Temp\mvninstall5696294187159487863.pom to C:\Users\DELL\.m2\repository\myeclipse-reports\dteapi\2.3.0\dteapi-2.3.0.pom
2019-12-26 10:43:04,994 [Worker-0] INFO  o.e.m.c.i.e.AbstractTransferListenerAdapter - Downloaded https://repo.maven.apache.org/maven2/myeclipse-reports/engineapi/2.3.0/engineapi-2.3.0.jar
2019-12-26 10:43:05,005 [Worker-0] INFO  o.e.m.c.i.embedder.EclipseLogger - Installing E:\Myeclipse2017\app\configuration\org.eclipse.osgi\95\0\.cp\data\2.3\engineapi.jar to C:\Users\DELL\.m2\repository\myeclipse-reports\engineapi\2.3.0\engineapi-2.3.0.jar
2019-12-26 10:43:05,598 [Worker-0] INFO  o.e.m.c.i.embedder.EclipseLogger - Installing C:\Users\DELL\AppData\Local\Temp\mvninstall2297200664137570481.pom to C:\Users\DELL\.m2\repository\myeclipse-reports\engineapi\2.3.0\engineapi-2.3.0.pom
2019-12-26 10:43:06,634 [Worker-0] INFO  o.e.m.c.i.e.AbstractTransferListenerAdapter - Downloaded https://repo.maven.apache.org/maven2/myeclipse-reports/modelapi/2.3.0/modelapi-2.3.0.jar
2019-12-26 10:43:06,651 [Worker-0] INFO  o.e.m.c.i.embedder.EclipseLogger - Installing E:\Myeclipse2017\app\configuration\org.eclipse.osgi\95\0\.cp\data\2.3\modelapi.jar to C:\Users\DELL\.m2\repository\myeclipse-reports\modelapi\2.3.0\modelapi-2.3.0.jar
2019-12-26 10:43:07,805 [Worker-0] INFO  o.e.m.c.i.embedder.EclipseLogger - Installing C:\Users\DELL\AppData\Local\Temp\mvninstall9055488080774107580.pom to C:\Users\DELL\.m2\repository\myeclipse-reports\modelapi\2.3.0\modelapi-2.3.0.pom
2019-12-26 10:43:10,106 [Worker-0] INFO  o.e.m.c.i.e.AbstractTransferListenerAdapter - Downloaded https://repo.maven.apache.org/maven2/myeclipse-reports/scriptapi/2.3.0/scriptapi-2.3.0.jar
2019-12-26 10:43:10,113 [Worker-0] INFO  o.e.m.c.i.embedder.EclipseLogger - Installing E:\Myeclipse2017\app\configuration\org.eclipse.osgi\95\0\.cp\data\2.3\scriptapi.jar to C:\Users\DELL\.m2\repository\myeclipse-reports\scriptapi\2.3.0\scriptapi-2.3.0.jar
2019-12-26 10:43:11,201 [Worker-0] INFO  o.e.m.c.i.embedder.EclipseLogger - Installing C:\Users\DELL\AppData\Local\Temp\mvninstall5789775976902085257.pom to C:\Users\DELL\.m2\repository\myeclipse-reports\scriptapi\2.3.0\scriptapi-2.3.0.pom
2019-12-26 10:43:12,438 [Worker-0] INFO  o.e.m.c.i.e.AbstractTransferListenerAdapter - Downloaded https://repo.maven.apache.org/maven2/myeclipse-reports/viewservlets/2.3.0/viewservlets-2.3.0.jar
2019-12-26 10:43:12,450 [Worker-0] INFO  o.e.m.c.i.embedder.EclipseLogger - Installing E:\Myeclipse2017\app\configuration\org.eclipse.osgi\95\0\.cp\data\2.3\viewservlets.jar to C:\Users\DELL\.m2\repository\myeclipse-reports\viewservlets\2.3.0\viewservlets-2.3.0.jar
2019-12-26 10:43:12,733 [Worker-0] INFO  o.e.m.c.i.embedder.EclipseLogger - Installing C:\Users\DELL\AppData\Local\Temp\mvninstall8732731525713216066.pom to C:\Users\DELL\.m2\repository\myeclipse-reports\viewservlets\2.3.0\viewservlets-2.3.0.pom
2019-12-26 10:43:14,194 [Worker-0] INFO  o.e.m.c.i.e.AbstractTransferListenerAdapter - Downloaded https://repo.maven.apache.org/maven2/myeclipse-reports/crosstabcoreapi/2.3.0/crosstabcoreapi-2.3.0.jar
2019-12-26 10:43:14,205 [Worker-0] INFO  o.e.m.c.i.embedder.EclipseLogger - Installing E:\Myeclipse2017\app\configuration\org.eclipse.osgi\95\0\.cp\data\2.3\crosstabcoreapi.jar to C:\Users\DELL\.m2\repository\myeclipse-reports\crosstabcoreapi\2.3.0\crosstabcoreapi-2.3.0.jar
2019-12-26 10:43:14,560 [Worker-0] INFO  o.e.m.c.i.embedder.EclipseLogger - Installing C:\Users\DELL\AppData\Local\Temp\mvninstall3033381418641794297.pom to C:\Users\DELL\.m2\repository\myeclipse-reports\crosstabcoreapi\2.3.0\crosstabcoreapi-2.3.0.pom
2019-12-26 10:43:15,516 [Worker-0] INFO  o.e.m.c.i.e.AbstractTransferListenerAdapter - Downloaded https://repo.maven.apache.org/maven2/myeclipse-reports/dataaggregationapi/2.3.0/dataaggregationapi-2.3.0.jar
2019-12-26 10:43:15,970 [Worker-0] INFO  o.e.m.c.i.embedder.EclipseLogger - Installing E:\Myeclipse2017\app\configuration\org.eclipse.osgi\95\0\.cp\data\2.3\dataaggregationapi.jar to C:\Users\DELL\.m2\repository\myeclipse-reports\dataaggregationapi\2.3.0\dataaggregationapi-2.3.0.jar
2019-12-26 10:43:17,104 [Worker-0] INFO  o.e.m.c.i.embedder.EclipseLogger - Installing C:\Users\DELL\AppData\Local\Temp\mvninstall4825602900605818709.pom to C:\Users\DELL\.m2\repository\myeclipse-reports\dataaggregationapi\2.3.0\dataaggregationapi-2.3.0.pom
2019-12-26 10:43:18,586 [Worker-0] INFO  o.e.m.c.i.e.AbstractTransferListenerAdapter - Downloaded https://repo.maven.apache.org/maven2/myeclipse-reports/modelodaapi/2.3.0/modelodaapi-2.3.0.jar
2019-12-26 10:43:18,599 [Worker-0] INFO  o.e.m.c.i.embedder.EclipseLogger - Installing E:\Myeclipse2017\app\configuration\org.eclipse.osgi\95\0\.cp\data\2.3\modelodaapi.jar to C:\Users\DELL\.m2\repository\myeclipse-reports\modelodaapi\2.3.0\modelodaapi-2.3.0.jar
2019-12-26 10:43:19,284 [Worker-0] INFO  o.e.m.c.i.embedder.EclipseLogger - Installing C:\Users\DELL\AppData\Local\Temp\mvninstall8084152068142720359.pom to C:\Users\DELL\.m2\repository\myeclipse-reports\modelodaapi\2.3.0\modelodaapi-2.3.0.pom
2019-12-26 10:43:20,078 [Worker-0] INFO  o.e.m.c.i.e.AbstractTransferListenerAdapter - Downloaded https://repo.maven.apache.org/maven2/myeclipse-reports/odadesignapi/2.3.0/odadesignapi-2.3.0.jar
2019-12-26 10:43:20,090 [Worker-0] INFO  o.e.m.c.i.embedder.EclipseLogger - Installing E:\Myeclipse2017\app\configuration\org.eclipse.osgi\95\0\.cp\data\2.3\odadesignapi.jar to C:\Users\DELL\.m2\repository\myeclipse-reports\odadesignapi\2.3.0\odadesignapi-2.3.0.jar
2019-12-26 10:43:21,171 [Worker-0] INFO  o.e.m.c.i.embedder.EclipseLogger - Installing C:\Users\DELL\AppData\Local\Temp\mvninstall7944659667156302651.pom to C:\Users\DELL\.m2\repository\myeclipse-reports\odadesignapi\2.3.0\odadesignapi-2.3.0.pom
2019-12-26 10:43:21,957 [Worker-0] INFO  o.e.m.c.i.e.AbstractTransferListenerAdapter - Downloaded https://repo.maven.apache.org/maven2/myeclipse-reports/dataextraction/2.3.0/dataextraction-2.3.0.jar
2019-12-26 10:43:21,971 [Worker-0] INFO  o.e.m.c.i.embedder.EclipseLogger - Installing E:\Myeclipse2017\app\configuration\org.eclipse.osgi\95\0\.cp\data\2.3\dataextraction.jar to C:\Users\DELL\.m2\repository\myeclipse-reports\dataextraction\2.3.0\dataextraction-2.3.0.jar
2019-12-26 10:43:22,112 [Worker-0] INFO  o.e.m.c.i.embedder.EclipseLogger - Installing C:\Users\DELL\AppData\Local\Temp\mvninstall6034316760476985486.pom to C:\Users\DELL\.m2\repository\myeclipse-reports\dataextraction\2.3.0\dataextraction-2.3.0.pom
2019-12-26 10:43:23,056 [Worker-0] INFO  o.e.m.c.i.e.AbstractTransferListenerAdapter - Downloaded https://repo.maven.apache.org/maven2/myeclipse/org.eclipse.emf.common/2.4.0/org.eclipse.emf.common-2.4.0.jar
2019-12-26 10:43:23,075 [Worker-0] INFO  o.e.m.c.i.embedder.EclipseLogger - Installing E:\Myeclipse2017\app\configuration\org.eclipse.osgi\95\0\.cp\data\2.3\org.eclipse.emf.common_2.4.0.v200808251517.jar to C:\Users\DELL\.m2\repository\myeclipse\org.eclipse.emf.common\2.4.0\org.eclipse.emf.common-2.4.0.jar
2019-12-26 10:43:23,748 [Worker-0] INFO  o.e.m.c.i.embedder.EclipseLogger - Installing C:\Users\DELL\AppData\Local\Temp\mvninstall5697333425215872678.pom to C:\Users\DELL\.m2\repository\myeclipse\org.eclipse.emf.common\2.4.0\org.eclipse.emf.common-2.4.0.pom
2019-12-26 10:43:24,463 [Worker-0] INFO  o.e.m.c.i.e.AbstractTransferListenerAdapter - Downloaded https://repo.maven.apache.org/maven2/myeclipse/org.eclipse.emf.ecore/2.4.0/org.eclipse.emf.ecore-2.4.0.jar
2019-12-26 10:43:24,471 [Worker-0] INFO  o.e.m.c.i.embedder.EclipseLogger - Installing E:\Myeclipse2017\app\configuration\org.eclipse.osgi\95\0\.cp\data\2.3\org.eclipse.emf.ecore_2.4.1.v200808251517.jar to C:\Users\DELL\.m2\repository\myeclipse\org.eclipse.emf.ecore\2.4.0\org.eclipse.emf.ecore-2.4.0.jar
2019-12-26 10:43:25,052 [Worker-0] INFO  o.e.m.c.i.embedder.EclipseLogger - Installing C:\Users\DELL\AppData\Local\Temp\mvninstall599129060363791925.pom to C:\Users\DELL\.m2\repository\myeclipse\org.eclipse.emf.ecore\2.4.0\org.eclipse.emf.ecore-2.4.0.pom
2019-12-26 10:43:25,835 [Worker-0] INFO  o.e.m.c.i.e.AbstractTransferListenerAdapter - Downloaded https://repo.maven.apache.org/maven2/myeclipse/org.eclipse.emf.ecore.xmi/2.4.0/org.eclipse.emf.ecore.xmi-2.4.0.jar
2019-12-26 10:43:25,849 [Worker-0] INFO  o.e.m.c.i.embedder.EclipseLogger - Installing E:\Myeclipse2017\app\configuration\org.eclipse.osgi\95\0\.cp\data\2.3\org.eclipse.emf.ecore.xmi_2.4.1.v200808251517.jar to C:\Users\DELL\.m2\repository\myeclipse\org.eclipse.emf.ecore.xmi\2.4.0\org.eclipse.emf.ecore.xmi-2.4.0.jar
2019-12-26 10:43:26,014 [Worker-0] INFO  o.e.m.c.i.embedder.EclipseLogger - Installing C:\Users\DELL\AppData\Local\Temp\mvninstall1935749222588208740.pom to C:\Users\DELL\.m2\repository\myeclipse\org.eclipse.emf.ecore.xmi\2.4.0\org.eclipse.emf.ecore.xmi-2.4.0.pom
2019-12-26 10:43:36,034 [Worker-0] INFO  o.e.m.c.i.e.AbstractTransferListenerAdapter - Downloaded https://repo.maven.apache.org/maven2/myeclipse-reports/chartengineapi/2.5.0/chartengineapi-2.5.0.jar
2019-12-26 10:43:36,043 [Worker-0] INFO  o.e.m.c.i.embedder.EclipseLogger - Installing E:\Myeclipse2017\app\configuration\org.eclipse.osgi\95\0\.cp\data\2.5\chartengineapi.jar to C:\Users\DELL\.m2\repository\myeclipse-reports\chartengineapi\2.5.0\chartengineapi-2.5.0.jar
2019-12-26 10:43:37,024 [Worker-0] INFO  o.e.m.c.i.embedder.EclipseLogger - Installing C:\Users\DELL\AppData\Local\Temp\mvninstall5125419550167638762.pom to C:\Users\DELL\.m2\repository\myeclipse-reports\chartengineapi\2.5.0\chartengineapi-2.5.0.pom
2019-12-26 10:43:37,741 [Worker-0] INFO  o.e.m.c.i.e.AbstractTransferListenerAdapter - Downloaded https://repo.maven.apache.org/maven2/myeclipse-reports/chartitemapi/2.5.0/chartitemapi-2.5.0.jar
2019-12-26 10:43:37,754 [Worker-0] INFO  o.e.m.c.i.embedder.EclipseLogger - Installing E:\Myeclipse2017\app\configuration\org.eclipse.osgi\95\0\.cp\data\2.5\chartitemapi.jar to C:\Users\DELL\.m2\repository\myeclipse-reports\chartitemapi\2.5.0\chartitemapi-2.5.0.jar
2019-12-26 10:43:37,989 [Worker-0] INFO  o.e.m.c.i.embedder.EclipseLogger - Installing C:\Users\DELL\AppData\Local\Temp\mvninstall2089224115610572912.pom to C:\Users\DELL\.m2\repository\myeclipse-reports\chartitemapi\2.5.0\chartitemapi-2.5.0.pom
2019-12-26 10:43:39,140 [Worker-0] INFO  o.e.m.c.i.e.AbstractTransferListenerAdapter - Downloaded https://repo.maven.apache.org/maven2/myeclipse-reports/coreapi/2.5.0/coreapi-2.5.0.jar
2019-12-26 10:43:39,150 [Worker-0] INFO  o.e.m.c.i.embedder.EclipseLogger - Installing E:\Myeclipse2017\app\configuration\org.eclipse.osgi\95\0\.cp\data\2.5\coreapi.jar to C:\Users\DELL\.m2\repository\myeclipse-reports\coreapi\2.5.0\coreapi-2.5.0.jar
2019-12-26 10:43:39,937 [Worker-0] INFO  o.e.m.c.i.embedder.EclipseLogger - Installing C:\Users\DELL\AppData\Local\Temp\mvninstall186393483419179631.pom to C:\Users\DELL\.m2\repository\myeclipse-reports\coreapi\2.5.0\coreapi-2.5.0.pom
2019-12-26 10:43:41,207 [Worker-0] INFO  o.e.m.c.i.e.AbstractTransferListenerAdapter - Downloaded https://repo.maven.apache.org/maven2/myeclipse-reports/dataadapterapi/2.5.0/dataadapterapi-2.5.0.jar
2019-12-26 10:43:41,225 [Worker-0] INFO  o.e.m.c.i.embedder.EclipseLogger - Installing E:\Myeclipse2017\app\configuration\org.eclipse.osgi\95\0\.cp\data\2.5\dataadapterapi.jar to C:\Users\DELL\.m2\repository\myeclipse-reports\dataadapterapi\2.5.0\dataadapterapi-2.5.0.jar
2019-12-26 10:43:41,535 [Worker-0] INFO  o.e.m.c.i.embedder.EclipseLogger - Installing C:\Users\DELL\AppData\Local\Temp\mvninstall9207871069040172878.pom to C:\Users\DELL\.m2\repository\myeclipse-reports\dataadapterapi\2.5.0\dataadapterapi-2.5.0.pom
2019-12-26 10:43:42,894 [Worker-0] INFO  o.e.m.c.i.e.AbstractTransferListenerAdapter - Downloaded https://repo.maven.apache.org/maven2/myeclipse-reports/dteapi/2.5.0/dteapi-2.5.0.jar
2019-12-26 10:43:42,903 [Worker-0] INFO  o.e.m.c.i.embedder.EclipseLogger - Installing E:\Myeclipse2017\app\configuration\org.eclipse.osgi\95\0\.cp\data\2.5\dteapi.jar to C:\Users\DELL\.m2\repository\myeclipse-reports\dteapi\2.5.0\dteapi-2.5.0.jar
2019-12-26 10:43:43,597 [Worker-0] INFO  o.e.m.c.i.embedder.EclipseLogger - Installing C:\Users\DELL\AppData\Local\Temp\mvninstall3032219763948170281.pom to C:\Users\DELL\.m2\repository\myeclipse-reports\dteapi\2.5.0\dteapi-2.5.0.pom
2019-12-26 10:43:45,375 [Worker-0] INFO  o.e.m.c.i.e.AbstractTransferListenerAdapter - Downloaded https://repo.maven.apache.org/maven2/myeclipse-reports/engineapi/2.5.0/engineapi-2.5.0.jar
2019-12-26 10:43:45,391 [Worker-0] INFO  o.e.m.c.i.embedder.EclipseLogger - Installing E:\Myeclipse2017\app\configuration\org.eclipse.osgi\95\0\.cp\data\2.5\engineapi.jar to C:\Users\DELL\.m2\repository\myeclipse-reports\engineapi\2.5.0\engineapi-2.5.0.jar
2019-12-26 10:43:45,788 [Worker-0] INFO  o.e.m.c.i.embedder.EclipseLogger - Installing C:\Users\DELL\AppData\Local\Temp\mvninstall5926186275394975417.pom to C:\Users\DELL\.m2\repository\myeclipse-reports\engineapi\2.5.0\engineapi-2.5.0.pom
2019-12-26 10:43:46,859 [Worker-0] INFO  o.e.m.c.i.e.AbstractTransferListenerAdapter - Downloaded https://repo.maven.apache.org/maven2/myeclipse-reports/modelapi/2.5.0/modelapi-2.5.0.jar
2019-12-26 10:43:46,875 [Worker-0] INFO  o.e.m.c.i.embedder.EclipseLogger - Installing E:\Myeclipse2017\app\configuration\org.eclipse.osgi\95\0\.cp\data\2.5\modelapi.jar to C:\Users\DELL\.m2\repository\myeclipse-reports\modelapi\2.5.0\modelapi-2.5.0.jar
2019-12-26 10:43:47,503 [Worker-0] INFO  o.e.m.c.i.embedder.EclipseLogger - Installing C:\Users\DELL\AppData\Local\Temp\mvninstall3102597649510832139.pom to C:\Users\DELL\.m2\repository\myeclipse-reports\modelapi\2.5.0\modelapi-2.5.0.pom
2019-12-26 10:43:48,234 [Worker-0] INFO  o.e.m.c.i.e.AbstractTransferListenerAdapter - Downloaded https://repo.maven.apache.org/maven2/myeclipse-reports/scriptapi/2.5.0/scriptapi-2.5.0.jar
2019-12-26 10:43:48,240 [Worker-0] INFO  o.e.m.c.i.embedder.EclipseLogger - Installing E:\Myeclipse2017\app\configuration\org.eclipse.osgi\95\0\.cp\data\2.5\scriptapi.jar to C:\Users\DELL\.m2\repository\myeclipse-reports\scriptapi\2.5.0\scriptapi-2.5.0.jar
2019-12-26 10:43:49,036 [Worker-0] INFO  o.e.m.c.i.embedder.EclipseLogger - Installing C:\Users\DELL\AppData\Local\Temp\mvninstall8805936616931840605.pom to C:\Users\DELL\.m2\repository\myeclipse-reports\scriptapi\2.5.0\scriptapi-2.5.0.pom
2019-12-26 10:43:49,760 [Worker-0] INFO  o.e.m.c.i.e.AbstractTransferListenerAdapter - Downloaded https://repo.maven.apache.org/maven2/myeclipse-reports/viewservlets/2.5.0/viewservlets-2.5.0.jar
2019-12-26 10:43:49,780 [Worker-0] INFO  o.e.m.c.i.embedder.EclipseLogger - Installing E:\Myeclipse2017\app\configuration\org.eclipse.osgi\95\0\.cp\data\2.5\viewservlets.jar to C:\Users\DELL\.m2\repository\myeclipse-reports\viewservlets\2.5.0\viewservlets-2.5.0.jar
2019-12-26 10:43:50,714 [Worker-0] INFO  o.e.m.c.i.embedder.EclipseLogger - Installing C:\Users\DELL\AppData\Local\Temp\mvninstall307467837613888685.pom to C:\Users\DELL\.m2\repository\myeclipse-reports\viewservlets\2.5.0\viewservlets-2.5.0.pom
2019-12-26 10:43:51,531 [Worker-0] INFO  o.e.m.c.i.e.AbstractTransferListenerAdapter - Downloaded https://repo.maven.apache.org/maven2/myeclipse-reports/crosstabcoreapi/2.5.0/crosstabcoreapi-2.5.0.jar
2019-12-26 10:43:51,547 [Worker-0] INFO  o.e.m.c.i.embedder.EclipseLogger - Installing E:\Myeclipse2017\app\configuration\org.eclipse.osgi\95\0\.cp\data\2.5\crosstabcoreapi.jar to C:\Users\DELL\.m2\repository\myeclipse-reports\crosstabcoreapi\2.5.0\crosstabcoreapi-2.5.0.jar
2019-12-26 10:43:53,059 [Worker-0] INFO  o.e.m.c.i.embedder.EclipseLogger - Installing C:\Users\DELL\AppData\Local\Temp\mvninstall4215474093175730964.pom to C:\Users\DELL\.m2\repository\myeclipse-reports\crosstabcoreapi\2.5.0\crosstabcoreapi-2.5.0.pom
2019-12-26 10:43:53,841 [Worker-0] INFO  o.e.m.c.i.e.AbstractTransferListenerAdapter - Downloaded https://repo.maven.apache.org/maven2/myeclipse-reports/dataaggregationapi/2.5.0/dataaggregationapi-2.5.0.jar
2019-12-26 10:43:53,851 [Worker-0] INFO  o.e.m.c.i.embedder.EclipseLogger - Installing E:\Myeclipse2017\app\configuration\org.eclipse.osgi\95\0\.cp\data\2.5\dataaggregationapi.jar to C:\Users\DELL\.m2\repository\myeclipse-reports\dataaggregationapi\2.5.0\dataaggregationapi-2.5.0.jar
2019-12-26 10:43:54,526 [Worker-0] INFO  o.e.m.c.i.embedder.EclipseLogger - Installing C:\Users\DELL\AppData\Local\Temp\mvninstall6589767140170726097.pom to C:\Users\DELL\.m2\repository\myeclipse-reports\dataaggregationapi\2.5.0\dataaggregationapi-2.5.0.pom
2019-12-26 10:43:55,437 [Worker-0] INFO  o.e.m.c.i.e.AbstractTransferListenerAdapter - Downloaded https://repo.maven.apache.org/maven2/myeclipse-reports/modelodaapi/2.5.0/modelodaapi-2.5.0.jar
2019-12-26 10:43:55,455 [Worker-0] INFO  o.e.m.c.i.embedder.EclipseLogger - Installing E:\Myeclipse2017\app\configuration\org.eclipse.osgi\95\0\.cp\data\2.5\modelodaapi.jar to C:\Users\DELL\.m2\repository\myeclipse-reports\modelodaapi\2.5.0\modelodaapi-2.5.0.jar
2019-12-26 10:43:56,173 [Worker-0] INFO  o.e.m.c.i.embedder.EclipseLogger - Installing C:\Users\DELL\AppData\Local\Temp\mvninstall2267718570239124724.pom to C:\Users\DELL\.m2\repository\myeclipse-reports\modelodaapi\2.5.0\modelodaapi-2.5.0.pom
2019-12-26 10:43:57,475 [Worker-0] INFO  o.e.m.c.i.e.AbstractTransferListenerAdapter - Downloaded https://repo.maven.apache.org/maven2/myeclipse-reports/odadesignapi/2.5.0/odadesignapi-2.5.0.jar
2019-12-26 10:43:57,481 [Worker-0] INFO  o.e.m.c.i.embedder.EclipseLogger - Installing E:\Myeclipse2017\app\configuration\org.eclipse.osgi\95\0\.cp\data\2.5\odadesignapi.jar to C:\Users\DELL\.m2\repository\myeclipse-reports\odadesignapi\2.5.0\odadesignapi-2.5.0.jar
2019-12-26 10:43:57,803 [Worker-0] INFO  o.e.m.c.i.embedder.EclipseLogger - Installing C:\Users\DELL\AppData\Local\Temp\mvninstall5469346186778299473.pom to C:\Users\DELL\.m2\repository\myeclipse-reports\odadesignapi\2.5.0\odadesignapi-2.5.0.pom
2019-12-26 10:43:58,592 [Worker-0] INFO  o.e.m.c.i.e.AbstractTransferListenerAdapter - Downloaded https://repo.maven.apache.org/maven2/myeclipse-reports/dataextraction/2.5.0/dataextraction-2.5.0.jar
2019-12-26 10:43:58,612 [Worker-0] INFO  o.e.m.c.i.embedder.EclipseLogger - Installing E:\Myeclipse2017\app\configuration\org.eclipse.osgi\95\0\.cp\data\2.5\dataextraction.jar to C:\Users\DELL\.m2\repository\myeclipse-reports\dataextraction\2.5.0\dataextraction-2.5.0.jar
2019-12-26 10:43:59,071 [Worker-0] INFO  o.e.m.c.i.embedder.EclipseLogger - Installing C:\Users\DELL\AppData\Local\Temp\mvninstall1468691196710540881.pom to C:\Users\DELL\.m2\repository\myeclipse-reports\dataextraction\2.5.0\dataextraction-2.5.0.pom
2019-12-26 10:43:59,820 [Worker-0] INFO  o.e.m.c.i.e.AbstractTransferListenerAdapter - Downloaded https://repo.maven.apache.org/maven2/myeclipse-reports/emitterconfig/2.5.0/emitterconfig-2.5.0.jar
2019-12-26 10:43:59,841 [Worker-0] INFO  o.e.m.c.i.embedder.EclipseLogger - Installing E:\Myeclipse2017\app\configuration\org.eclipse.osgi\95\0\.cp\data\2.5\emitterconfig.jar to C:\Users\DELL\.m2\repository\myeclipse-reports\emitterconfig\2.5.0\emitterconfig-2.5.0.jar
2019-12-26 10:44:00,076 [Worker-0] INFO  o.e.m.c.i.embedder.EclipseLogger - Installing C:\Users\DELL\AppData\Local\Temp\mvninstall1936677470260619113.pom to C:\Users\DELL\.m2\repository\myeclipse-reports\emitterconfig\2.5.0\emitterconfig-2.5.0.pom
2019-12-26 10:44:00,856 [Worker-0] INFO  o.e.m.c.i.e.AbstractTransferListenerAdapter - Downloaded https://repo.maven.apache.org/maven2/myeclipse-reports/chartengineapi/2.5.2/chartengineapi-2.5.2.jar
2019-12-26 10:44:00,868 [Worker-0] INFO  o.e.m.c.i.embedder.EclipseLogger - Installing E:\Myeclipse2017\app\configuration\org.eclipse.osgi\95\0\.cp\data\2.5\chartengineapi.jar to C:\Users\DELL\.m2\repository\myeclipse-reports\chartengineapi\2.5.2\chartengineapi-2.5.2.jar
2019-12-26 10:44:00,990 [Worker-0] INFO  o.e.m.c.i.embedder.EclipseLogger - Installing C:\Users\DELL\AppData\Local\Temp\mvninstall7318690145491195558.pom to C:\Users\DELL\.m2\repository\myeclipse-reports\chartengineapi\2.5.2\chartengineapi-2.5.2.pom
2019-12-26 10:44:01,756 [Worker-0] INFO  o.e.m.c.i.e.AbstractTransferListenerAdapter - Downloaded https://repo.maven.apache.org/maven2/myeclipse-reports/chartitemapi/2.5.2/chartitemapi-2.5.2.jar
2019-12-26 10:44:01,775 [Worker-0] INFO  o.e.m.c.i.embedder.EclipseLogger - Installing E:\Myeclipse2017\app\configuration\org.eclipse.osgi\95\0\.cp\data\2.5.2\chartitemapi.jar to C:\Users\DELL\.m2\repository\myeclipse-reports\chartitemapi\2.5.2\chartitemapi-2.5.2.jar
2019-12-26 10:44:03,529 [Worker-0] INFO  o.e.m.c.i.embedder.EclipseLogger - Installing C:\Users\DELL\AppData\Local\Temp\mvninstall2774256148333679712.pom to C:\Users\DELL\.m2\repository\myeclipse-reports\chartitemapi\2.5.2\chartitemapi-2.5.2.pom
2019-12-26 10:44:04,764 [Worker-0] INFO  o.e.m.c.i.e.AbstractTransferListenerAdapter - Downloaded https://repo.maven.apache.org/maven2/myeclipse-reports/coreapi/2.5.2/coreapi-2.5.2.jar
2019-12-26 10:44:04,779 [Worker-0] INFO  o.e.m.c.i.embedder.EclipseLogger - Installing E:\Myeclipse2017\app\configuration\org.eclipse.osgi\95\0\.cp\data\2.5.2\coreapi.jar to C:\Users\DELL\.m2\repository\myeclipse-reports\coreapi\2.5.2\coreapi-2.5.2.jar
2019-12-26 10:44:05,072 [Worker-0] INFO  o.e.m.c.i.embedder.EclipseLogger - Installing C:\Users\DELL\AppData\Local\Temp\mvninstall8404947310598835933.pom to C:\Users\DELL\.m2\repository\myeclipse-reports\coreapi\2.5.2\coreapi-2.5.2.pom
2019-12-26 10:44:05,826 [Worker-0] INFO  o.e.m.c.i.e.AbstractTransferListenerAdapter - Downloaded https://repo.maven.apache.org/maven2/myeclipse-reports/dataadapterapi/2.5.2/dataadapterapi-2.5.2.jar
2019-12-26 10:44:05,846 [Worker-0] INFO  o.e.m.c.i.embedder.EclipseLogger - Installing E:\Myeclipse2017\app\configuration\org.eclipse.osgi\95\0\.cp\data\2.5.2\dataadapterapi.jar to C:\Users\DELL\.m2\repository\myeclipse-reports\dataadapterapi\2.5.2\dataadapterapi-2.5.2.jar
2019-12-26 10:44:06,625 [Worker-0] INFO  o.e.m.c.i.embedder.EclipseLogger - Installing C:\Users\DELL\AppData\Local\Temp\mvninstall4747626728124059849.pom to C:\Users\DELL\.m2\repository\myeclipse-reports\dataadapterapi\2.5.2\dataadapterapi-2.5.2.pom
2019-12-26 10:44:07,340 [Worker-0] INFO  o.e.m.c.i.e.AbstractTransferListenerAdapter - Downloaded https://repo.maven.apache.org/maven2/myeclipse-reports/dteapi/2.5.2/dteapi-2.5.2.jar
2019-12-26 10:44:07,354 [Worker-0] INFO  o.e.m.c.i.embedder.EclipseLogger - Installing E:\Myeclipse2017\app\configuration\org.eclipse.osgi\95\0\.cp\data\2.5.2\dteapi.jar to C:\Users\DELL\.m2\repository\myeclipse-reports\dteapi\2.5.2\dteapi-2.5.2.jar
2019-12-26 10:44:08,481 [Worker-0] INFO  o.e.m.c.i.embedder.EclipseLogger - Installing C:\Users\DELL\AppData\Local\Temp\mvninstall5640868778753831257.pom to C:\Users\DELL\.m2\repository\myeclipse-reports\dteapi\2.5.2\dteapi-2.5.2.pom
2019-12-26 10:44:18,501 [Worker-0] INFO  o.e.m.c.i.e.AbstractTransferListenerAdapter - Downloaded https://repo.maven.apache.org/maven2/myeclipse-reports/engineapi/2.5.2/engineapi-2.5.2.jar
2019-12-26 10:44:18,521 [Worker-0] INFO  o.e.m.c.i.embedder.EclipseLogger - Installing E:\Myeclipse2017\app\configuration\org.eclipse.osgi\95\0\.cp\data\2.5.2\engineapi.jar to C:\Users\DELL\.m2\repository\myeclipse-reports\engineapi\2.5.2\engineapi-2.5.2.jar
2019-12-26 10:44:19,021 [Worker-0] INFO  o.e.m.c.i.embedder.EclipseLogger - Installing C:\Users\DELL\AppData\Local\Temp\mvninstall1731986543874972208.pom to C:\Users\DELL\.m2\repository\myeclipse-reports\engineapi\2.5.2\engineapi-2.5.2.pom
2019-12-26 10:44:19,802 [Worker-0] INFO  o.e.m.c.i.e.AbstractTransferListenerAdapter - Downloaded https://repo.maven.apache.org/maven2/myeclipse-reports/modelapi/2.5.2/modelapi-2.5.2.jar
2019-12-26 10:44:19,816 [Worker-0] INFO  o.e.m.c.i.embedder.EclipseLogger - Installing E:\Myeclipse2017\app\configuration\org.eclipse.osgi\95\0\.cp\data\2.5.2\modelapi.jar to C:\Users\DELL\.m2\repository\myeclipse-reports\modelapi\2.5.2\modelapi-2.5.2.jar
2019-12-26 10:44:20,426 [Worker-0] INFO  o.e.m.c.i.embedder.EclipseLogger - Installing C:\Users\DELL\AppData\Local\Temp\mvninstall2835619853909653574.pom to C:\Users\DELL\.m2\repository\myeclipse-reports\modelapi\2.5.2\modelapi-2.5.2.pom
2019-12-26 10:44:21,142 [Worker-0] INFO  o.e.m.c.i.e.AbstractTransferListenerAdapter - Downloaded https://repo.maven.apache.org/maven2/myeclipse-reports/scriptapi/2.5.2/scriptapi-2.5.2.jar
2019-12-26 10:44:21,165 [Worker-0] INFO  o.e.m.c.i.embedder.EclipseLogger - Installing E:\Myeclipse2017\app\configuration\org.eclipse.osgi\95\0\.cp\data\2.5.2\scriptapi.jar to C:\Users\DELL\.m2\repository\myeclipse-reports\scriptapi\2.5.2\scriptapi-2.5.2.jar
2019-12-26 10:44:22,715 [Worker-0] INFO  o.e.m.c.i.embedder.EclipseLogger - Installing C:\Users\DELL\AppData\Local\Temp\mvninstall8742031695571050197.pom to C:\Users\DELL\.m2\repository\myeclipse-reports\scriptapi\2.5.2\scriptapi-2.5.2.pom
2019-12-26 10:44:23,470 [Worker-0] INFO  o.e.m.c.i.e.AbstractTransferListenerAdapter - Downloaded https://repo.maven.apache.org/maven2/myeclipse-reports/viewservlets/2.5.2/viewservlets-2.5.2.jar
2019-12-26 10:44:23,491 [Worker-0] INFO  o.e.m.c.i.embedder.EclipseLogger - Installing E:\Myeclipse2017\app\configuration\org.eclipse.osgi\95\0\.cp\data\2.5.2\viewservlets.jar to C:\Users\DELL\.m2\repository\myeclipse-reports\viewservlets\2.5.2\viewservlets-2.5.2.jar
2019-12-26 10:44:24,597 [Worker-0] INFO  o.e.m.c.i.embedder.EclipseLogger - Installing C:\Users\DELL\AppData\Local\Temp\mvninstall8631167124393496406.pom to C:\Users\DELL\.m2\repository\myeclipse-reports\viewservlets\2.5.2\viewservlets-2.5.2.pom
2019-12-26 10:44:25,300 [Worker-0] INFO  o.e.m.c.i.e.AbstractTransferListenerAdapter - Downloaded https://repo.maven.apache.org/maven2/myeclipse-reports/crosstabcoreapi/2.5.2/crosstabcoreapi-2.5.2.jar
2019-12-26 10:44:25,324 [Worker-0] INFO  o.e.m.c.i.embedder.EclipseLogger - Installing E:\Myeclipse2017\app\configuration\org.eclipse.osgi\95\0\.cp\data\2.5.2\crosstabcoreapi.jar to C:\Users\DELL\.m2\repository\myeclipse-reports\crosstabcoreapi\2.5.2\crosstabcoreapi-2.5.2.jar
2019-12-26 10:44:26,352 [Worker-0] INFO  o.e.m.c.i.embedder.EclipseLogger - Installing C:\Users\DELL\AppData\Local\Temp\mvninstall5266324771154600298.pom to C:\Users\DELL\.m2\repository\myeclipse-reports\crosstabcoreapi\2.5.2\crosstabcoreapi-2.5.2.pom
2019-12-26 10:44:27,140 [Worker-0] INFO  o.e.m.c.i.e.AbstractTransferListenerAdapter - Downloaded https://repo.maven.apache.org/maven2/myeclipse-reports/dataaggregationapi/2.5.2/dataaggregationapi-2.5.2.jar
2019-12-26 10:44:27,156 [Worker-0] INFO  o.e.m.c.i.embedder.EclipseLogger - Installing E:\Myeclipse2017\app\configuration\org.eclipse.osgi\95\0\.cp\data\2.5.2\dataaggregationapi.jar to C:\Users\DELL\.m2\repository\myeclipse-reports\dataaggregationapi\2.5.2\dataaggregationapi-2.5.2.jar
2019-12-26 10:44:27,355 [Worker-0] INFO  o.e.m.c.i.embedder.EclipseLogger - Installing C:\Users\DELL\AppData\Local\Temp\mvninstall333994476952869807.pom to C:\Users\DELL\.m2\repository\myeclipse-reports\dataaggregationapi\2.5.2\dataaggregationapi-2.5.2.pom
2019-12-26 10:44:28,103 [Worker-0] INFO  o.e.m.c.i.e.AbstractTransferListenerAdapter - Downloaded https://repo.maven.apache.org/maven2/myeclipse-reports/modelodaapi/2.5.2/modelodaapi-2.5.2.jar
2019-12-26 10:44:28,123 [Worker-0] INFO  o.e.m.c.i.embedder.EclipseLogger - Installing E:\Myeclipse2017\app\configuration\org.eclipse.osgi\95\0\.cp\data\2.5.2\modelodaapi.jar to C:\Users\DELL\.m2\repository\myeclipse-reports\modelodaapi\2.5.2\modelodaapi-2.5.2.jar
2019-12-26 10:44:28,807 [Worker-0] INFO  o.e.m.c.i.embedder.EclipseLogger - Installing C:\Users\DELL\AppData\Local\Temp\mvninstall608946055105589318.pom to C:\Users\DELL\.m2\repository\myeclipse-reports\modelodaapi\2.5.2\modelodaapi-2.5.2.pom
2019-12-26 10:44:29,514 [Worker-0] INFO  o.e.m.c.i.e.AbstractTransferListenerAdapter - Downloaded https://repo.maven.apache.org/maven2/myeclipse-reports/odadesignapi/2.5.2/odadesignapi-2.5.2.jar
2019-12-26 10:44:29,529 [Worker-0] INFO  o.e.m.c.i.embedder.EclipseLogger - Installing E:\Myeclipse2017\app\configuration\org.eclipse.osgi\95\0\.cp\data\2.5.2\odadesignapi.jar to C:\Users\DELL\.m2\repository\myeclipse-reports\odadesignapi\2.5.2\odadesignapi-2.5.2.jar
2019-12-26 10:44:30,370 [Worker-0] INFO  o.e.m.c.i.embedder.EclipseLogger - Installing C:\Users\DELL\AppData\Local\Temp\mvninstall5474685250886998684.pom to C:\Users\DELL\.m2\repository\myeclipse-reports\odadesignapi\2.5.2\odadesignapi-2.5.2.pom
2019-12-26 10:44:31,812 [Worker-0] INFO  o.e.m.c.i.e.AbstractTransferListenerAdapter - Downloaded https://repo.maven.apache.org/maven2/myeclipse-reports/dataextraction/2.5.2/dataextraction-2.5.2.jar
2019-12-26 10:44:31,834 [Worker-0] INFO  o.e.m.c.i.embedder.EclipseLogger - Installing E:\Myeclipse2017\app\configuration\org.eclipse.osgi\95\0\.cp\data\2.5.2\dataextraction.jar to C:\Users\DELL\.m2\repository\myeclipse-reports\dataextraction\2.5.2\dataextraction-2.5.2.jar
2019-12-26 10:44:33,036 [Worker-0] INFO  o.e.m.c.i.embedder.EclipseLogger - Installing C:\Users\DELL\AppData\Local\Temp\mvninstall6853056537103363315.pom to C:\Users\DELL\.m2\repository\myeclipse-reports\dataextraction\2.5.2\dataextraction-2.5.2.pom
2019-12-26 10:44:33,761 [Worker-0] INFO  o.e.m.c.i.e.AbstractTransferListenerAdapter - Downloaded https://repo.maven.apache.org/maven2/myeclipse-reports/emitterconfig/2.5.2/emitterconfig-2.5.2.jar
2019-12-26 10:44:33,783 [Worker-0] INFO  o.e.m.c.i.embedder.EclipseLogger - Installing E:\Myeclipse2017\app\configuration\org.eclipse.osgi\95\0\.cp\data\2.5.2\emitterconfig.jar to C:\Users\DELL\.m2\repository\myeclipse-reports\emitterconfig\2.5.2\emitterconfig-2.5.2.jar
2019-12-26 10:44:34,484 [Worker-0] INFO  o.e.m.c.i.embedder.EclipseLogger - Installing C:\Users\DELL\AppData\Local\Temp\mvninstall7524056928254744310.pom to C:\Users\DELL\.m2\repository\myeclipse-reports\emitterconfig\2.5.2\emitterconfig-2.5.2.pom
2019-12-26 10:44:35,711 [Worker-0] INFO  o.e.m.c.i.e.AbstractTransferListenerAdapter - Downloaded https://repo.maven.apache.org/maven2/myeclipse/org.eclipse.emf.common/2.5.0/org.eclipse.emf.common-2.5.0.jar
2019-12-26 10:44:35,734 [Worker-0] INFO  o.e.m.c.i.embedder.EclipseLogger - Installing E:\Myeclipse2017\app\configuration\org.eclipse.osgi\95\0\.cp\data\2.5\org.eclipse.emf.common_2.5.0.v200906151043.jar to C:\Users\DELL\.m2\repository\myeclipse\org.eclipse.emf.common\2.5.0\org.eclipse.emf.common-2.5.0.jar
2019-12-26 10:44:36,019 [Worker-0] INFO  o.e.m.c.i.embedder.EclipseLogger - Installing C:\Users\DELL\AppData\Local\Temp\mvninstall9114897465597924327.pom to C:\Users\DELL\.m2\repository\myeclipse\org.eclipse.emf.common\2.5.0\org.eclipse.emf.common-2.5.0.pom
2019-12-26 10:44:36,970 [Worker-0] INFO  o.e.m.c.i.e.AbstractTransferListenerAdapter - Downloaded https://repo.maven.apache.org/maven2/myeclipse/org.eclipse.emf.ecore/2.5.0/org.eclipse.emf.ecore-2.5.0.jar
2019-12-26 10:44:36,979 [Worker-0] INFO  o.e.m.c.i.embedder.EclipseLogger - Installing E:\Myeclipse2017\app\configuration\org.eclipse.osgi\95\0\.cp\data\2.5\org.eclipse.emf.ecore_2.5.0.v200906151043.jar to C:\Users\DELL\.m2\repository\myeclipse\org.eclipse.emf.ecore\2.5.0\org.eclipse.emf.ecore-2.5.0.jar
2019-12-26 10:44:37,598 [Worker-0] INFO  o.e.m.c.i.embedder.EclipseLogger - Installing C:\Users\DELL\AppData\Local\Temp\mvninstall2071634756698449224.pom to C:\Users\DELL\.m2\repository\myeclipse\org.eclipse.emf.ecore\2.5.0\org.eclipse.emf.ecore-2.5.0.pom
2019-12-26 10:44:38,337 [Worker-0] INFO  o.e.m.c.i.e.AbstractTransferListenerAdapter - Downloaded https://repo.maven.apache.org/maven2/myeclipse/org.eclipse.emf.ecore.xmi/2.5.0/org.eclipse.emf.ecore.xmi-2.5.0.jar
2019-12-26 10:44:38,361 [Worker-0] INFO  o.e.m.c.i.embedder.EclipseLogger - Installing E:\Myeclipse2017\app\configuration\org.eclipse.osgi\95\0\.cp\data\2.5\org.eclipse.emf.ecore.xmi_2.5.0.v200906151043.jar to C:\Users\DELL\.m2\repository\myeclipse\org.eclipse.emf.ecore.xmi\2.5.0\org.eclipse.emf.ecore.xmi-2.5.0.jar
2019-12-26 10:44:39,381 [Worker-0] INFO  o.e.m.c.i.embedder.EclipseLogger - Installing C:\Users\DELL\AppData\Local\Temp\mvninstall8858767797579620052.pom to C:\Users\DELL\.m2\repository\myeclipse\org.eclipse.emf.ecore.xmi\2.5.0\org.eclipse.emf.ecore.xmi-2.5.0.pom
2019-12-26 10:44:40,213 [Worker-0] INFO  o.e.m.c.i.e.AbstractTransferListenerAdapter - Downloaded https://repo.maven.apache.org/maven2/com/sun/jersey/jersey-multipart/1.0.3.1/jersey-multipart-1.0.3.1.jar
2019-12-26 10:44:40,233 [Worker-0] INFO  o.e.m.c.i.embedder.EclipseLogger - Installing E:\Myeclipse2017\app\plugins\com.genuitec.eclipse.ws_13.0.0.me201612231634\lib\jersey\1.0\jersey-multipart-1.0.3.1.jar to C:\Users\DELL\.m2\repository\com\sun\jersey\jersey-multipart\1.0.3.1\jersey-multipart-1.0.3.1.jar
2019-12-26 10:44:42,048 [Worker-0] INFO  o.e.m.c.i.embedder.EclipseLogger - Installing C:\Users\DELL\AppData\Local\Temp\mvninstall6876430211543428482.pom to C:\Users\DELL\.m2\repository\com\sun\jersey\jersey-multipart\1.0.3.1\jersey-multipart-1.0.3.1.pom
2019-12-26 10:44:43,847 [Worker-0] INFO  o.e.m.c.i.e.AbstractTransferListenerAdapter - Downloaded https://repo.maven.apache.org/maven2/com/sun/jersey/jersey-multipart/1.4/jersey-multipart-1.4.jar
2019-12-26 10:44:43,860 [Worker-0] INFO  o.e.m.c.i.embedder.EclipseLogger - Installing E:\Myeclipse2017\app\plugins\com.genuitec.eclipse.ws_13.0.0.me201612231634\lib\jersey\1.4\jersey-multipart-1.4.jar to C:\Users\DELL\.m2\repository\com\sun\jersey\jersey-multipart\1.4\jersey-multipart-1.4.jar
2019-12-26 10:44:44,665 [Worker-0] INFO  o.e.m.c.i.embedder.EclipseLogger - Installing C:\Users\DELL\AppData\Local\Temp\mvninstall4398453173527229744.pom to C:\Users\DELL\.m2\repository\com\sun\jersey\jersey-multipart\1.4\jersey-multipart-1.4.pom
2019-12-26 10:44:45,893 [Worker-0] INFO  o.e.m.c.i.e.AbstractTransferListenerAdapter - Downloaded https://repo.maven.apache.org/maven2/com/sun/webservices-extra/1.1/webservices-extra-1.1.jar
2019-12-26 10:44:45,906 [Worker-0] INFO  o.e.m.c.i.embedder.EclipseLogger - Installing E:\Myeclipse2017\app\plugins\com.genuitec.eclipse.ws.xfire_13.0.0.me201612231634\lib\webservices-extra.jar to C:\Users\DELL\.m2\repository\com\sun\webservices-extra\1.1\webservices-extra-1.1.jar
2019-12-26 10:44:46,128 [Worker-0] INFO  o.e.m.c.i.embedder.EclipseLogger - Installing C:\Users\DELL\AppData\Local\Temp\mvninstall5557450371008288860.pom to C:\Users\DELL\.m2\repository\com\sun\webservices-extra\1.1\webservices-extra-1.1.pom
2019-12-26 10:44:47,141 [Worker-0] INFO  o.e.m.c.i.e.AbstractTransferListenerAdapter - Downloaded https://repo.maven.apache.org/maven2/com/sun/webservices-rt/1.1/webservices-rt-1.1.jar
2019-12-26 10:44:47,154 [Worker-0] INFO  o.e.m.c.i.embedder.EclipseLogger - Installing E:\Myeclipse2017\app\plugins\com.genuitec.eclipse.ws.xfire_13.0.0.me201612231634\lib\webservices-rt.jar to C:\Users\DELL\.m2\repository\com\sun\webservices-rt\1.1\webservices-rt-1.1.jar
2019-12-26 10:44:48,507 [Worker-0] INFO  o.e.m.c.i.embedder.EclipseLogger - Installing C:\Users\DELL\AppData\Local\Temp\mvninstall3595788871087613986.pom to C:\Users\DELL\.m2\repository\com\sun\webservices-rt\1.1\webservices-rt-1.1.pom
2019-12-26 10:44:49,745 [Worker-0] INFO  o.e.m.c.i.e.AbstractTransferListenerAdapter - Downloaded https://repo.maven.apache.org/maven2/org/primefaces/primefaces/2.1/primefaces-2.1.jar
2019-12-26 10:44:49,766 [Worker-0] INFO  o.e.m.c.i.embedder.EclipseLogger - Installing E:\Myeclipse2017\app\configuration\org.eclipse.osgi\273\0\.cp\lib\primefaces\2.1\primefaces-2.1.jar to C:\Users\DELL\.m2\repository\org\primefaces\primefaces\2.1\primefaces-2.1.jar
2019-12-26 10:44:51,175 [Worker-0] INFO  o.e.m.c.i.embedder.EclipseLogger - Installing C:\Users\DELL\AppData\Local\Temp\mvninstall2830085863025979405.pom to C:\Users\DELL\.m2\repository\org\primefaces\primefaces\2.1\primefaces-2.1.pom
2019-12-26 10:44:53,970 [Worker-0] INFO  o.e.m.c.i.i.nexus.NexusIndexManager - Updated local repository index
